<?xml version="1.0" encoding="UTF-8"?>
<testsuite name="com.slotcentral.config.ConfigServerIntegrationTest" tests="2" skipped="0" failures="0" errors="0" timestamp="2026-07-16T13:29:26" hostname="runnervm5mmn9" time="0.343">
  <properties/>
  <testcase name="jackpotServiceConfig_returnsOkAndContainsTiers()" classname="com.slotcentral.config.ConfigServerIntegrationTest" time="0.295"/>
  <testcase name="gameEngineServiceConfig_returnsOkAndContainsGaffingProperty()" classname="com.slotcentral.config.ConfigServerIntegrationTest" time="0.046"/>
  <system-out><![CDATA[13:29:18.914 [Test worker] INFO org.springframework.test.context.support.AnnotationConfigContextLoaderUtils -- Could not detect default configuration classes for test class [com.slotcentral.config.ConfigServerIntegrationTest]: ConfigServerIntegrationTest does not declare any static, non-private, non-final, nested classes annotated with @Configuration.
13:29:19.008 [Test worker] INFO org.springframework.boot.test.context.SpringBootTestContextBootstrapper -- Found @SpringBootConfiguration com.slotcentral.config.SlotConfigServiceApplication for test class com.slotcentral.config.ConfigServerIntegrationTest

  .   ____          _            __ _ _
 /\\ / ___'_ __ _ _(_)_ __  __ _ \ \ \ \
( ( )\___ | '_ | '_| | '_ \/ _` | \ \ \ \
 \\/  ___)| |_)| | | | | || (_| |  ) ) ) )
  '  |____| .__|_| |_|_| |_\__, | / / / /
 =========|_|==============|___/=/_/_/_/

 :: Spring Boot ::                (v3.3.5)

{"@timestamp":"2026-07-16T13:29:19.625377257Z","@version":"1","message":"HV000001: Hibernate Validator 8.0.1.Final","logger_name":"org.hibernate.validator.internal.util.Version","thread_name":"background-preinit","level":"INFO","level_value":20000}
{"@timestamp":"2026-07-16T13:29:19.691213287Z","@version":"1","message":"Starting ConfigServerIntegrationTest using Java 21.0.11 with PID 6130 (started by runner in /home/runner/work/slot-config-service/slot-config-service)","logger_name":"com.slotcentral.config.ConfigServerIntegrationTest","thread_name":"Test worker","level":"INFO","level_value":20000}
{"@timestamp":"2026-07-16T13:29:19.693783175Z","@version":"1","message":"The following 2 profiles are active: \"test\", \"native\"","logger_name":"com.slotcentral.config.ConfigServerIntegrationTest","thread_name":"Test worker","level":"INFO","level_value":20000}
{"@timestamp":"2026-07-16T13:29:20.782230967Z","@version":"1","message":"Bootstrapping Spring Data JPA repositories in DEFAULT mode.","logger_name":"org.springframework.data.repository.config.RepositoryConfigurationDelegate","thread_name":"Test worker","level":"INFO","level_value":20000}
{"@timestamp":"2026-07-16T13:29:20.83193862Z","@version":"1","message":"Finished Spring Data repository scanning in 41 ms. Found 2 JPA repository interfaces.","logger_name":"org.springframework.data.repository.config.RepositoryConfigurationDelegate","thread_name":"Test worker","level":"INFO","level_value":20000}
{"@timestamp":"2026-07-16T13:29:21.06639625Z","@version":"1","message":"BeanFactory id=e892e637-7ec2-3f1b-8645-d2d37cae5a58","logger_name":"org.springframework.cloud.context.scope.GenericScope","thread_name":"Test worker","level":"INFO","level_value":20000}
{"@timestamp":"2026-07-16T13:29:22.571193735Z","@version":"1","message":"Tomcat initialized with port 0 (http)","logger_name":"org.springframework.boot.web.embedded.tomcat.TomcatWebServer","thread_name":"Test worker","level":"INFO","level_value":20000}
{"@timestamp":"2026-07-16T13:29:22.582756803Z","@version":"1","message":"Initializing ProtocolHandler [\"http-nio-auto-1\"]","logger_name":"org.apache.coyote.http11.Http11NioProtocol","thread_name":"Test worker","level":"INFO","level_value":20000}
{"@timestamp":"2026-07-16T13:29:22.58714967Z","@version":"1","message":"Starting service [Tomcat]","logger_name":"org.apache.catalina.core.StandardService","thread_name":"Test worker","level":"INFO","level_value":20000}
{"@timestamp":"2026-07-16T13:29:22.587826691Z","@version":"1","message":"Starting Servlet engine: [Apache Tomcat/10.1.31]","logger_name":"org.apache.catalina.core.StandardEngine","thread_name":"Test worker","level":"INFO","level_value":20000}
{"@timestamp":"2026-07-16T13:29:22.65637479Z","@version":"1","message":"Initializing Spring embedded WebApplicationContext","logger_name":"org.apache.catalina.core.ContainerBase.[Tomcat].[localhost].[/]","thread_name":"Test worker","level":"INFO","level_value":20000}
{"@timestamp":"2026-07-16T13:29:22.658019506Z","@version":"1","message":"Root WebApplicationContext: initialization completed in 2937 ms","logger_name":"org.springframework.boot.web.servlet.context.ServletWebServerApplicationContext","thread_name":"Test worker","level":"INFO","level_value":20000}
{"@timestamp":"2026-07-16T13:29:23.037286852Z","@version":"1","message":"HHH000204: Processing PersistenceUnitInfo [name: default]","logger_name":"org.hibernate.jpa.internal.util.LogHelper","thread_name":"Test worker","level":"INFO","level_value":20000}
{"@timestamp":"2026-07-16T13:29:23.074098327Z","@version":"1","message":"HHH000412: Hibernate ORM core version 6.5.3.Final","logger_name":"org.hibernate.Version","thread_name":"Test worker","level":"INFO","level_value":20000}
{"@timestamp":"2026-07-16T13:29:23.098567281Z","@version":"1","message":"HHH000026: Second-level cache disabled","logger_name":"org.hibernate.cache.internal.RegionFactoryInitiator","thread_name":"Test worker","level":"INFO","level_value":20000}
{"@timestamp":"2026-07-16T13:29:23.198607135Z","@version":"1","message":"No LoadTimeWeaver setup: ignoring JPA class transformer","logger_name":"org.springframework.orm.jpa.persistenceunit.SpringPersistenceUnitInfo","thread_name":"Test worker","level":"INFO","level_value":20000}
{"@timestamp":"2026-07-16T13:29:23.220256736Z","@version":"1","message":"HikariPool-1 - Starting...","logger_name":"com.zaxxer.hikari.HikariDataSource","thread_name":"Test worker","level":"INFO","level_value":20000}
{"@timestamp":"2026-07-16T13:29:23.39209245Z","@version":"1","message":"HikariPool-1 - Added connection conn0: url=jdbc:h2:mem:testdb user=SA","logger_name":"com.zaxxer.hikari.pool.HikariPool","thread_name":"Test worker","level":"INFO","level_value":20000}
{"@timestamp":"2026-07-16T13:29:23.393895668Z","@version":"1","message":"HikariPool-1 - Start completed.","logger_name":"com.zaxxer.hikari.HikariDataSource","thread_name":"Test worker","level":"INFO","level_value":20000}
{"@timestamp":"2026-07-16T13:29:23.413144835Z","@version":"1","message":"HHH90000025: H2Dialect does not need to be specified explicitly using 'hibernate.dialect' (remove the property setting and it will be selected by default)","logger_name":"org.hibernate.orm.deprecation","thread_name":"Test worker","level":"WARN","level_value":30000}
{"@timestamp":"2026-07-16T13:29:23.966093054Z","@version":"1","message":"HHH000489: No JTA platform available (set 'hibernate.transaction.jta.platform' to enable JTA platform integration)","logger_name":"org.hibernate.engine.transaction.jta.platform.internal.JtaPlatformInitiator","thread_name":"Test worker","level":"INFO","level_value":20000}
{"@timestamp":"2026-07-16T13:29:23.991728463Z","@version":"1","message":"GenerationTarget encountered exception accepting command : Error executing DDL \"create table feature_flags (id bigint generated by default as identity, updated_at timestamp(6) not null, description TEXT, name varchar(255) not null unique, updated_by varchar(255), value TEXT, primary key (id))\" via JDBC [Syntax error in SQL statement \"create table feature_flags (id bigint generated by default as identity, updated_at timestamp(6) not null, description TEXT, name varchar(255) not null unique, updated_by varchar(255), [*]value TEXT, primary key (id))\"; expected \"identifier\";]","logger_name":"org.hibernate.tool.schema.internal.ExceptionHandlerLoggedImpl","thread_name":"Test worker","level":"WARN","level_value":30000,"stack_trace":"org.hibernate.tool.schema.spi.CommandAcceptanceException: Error executing DDL \"create table feature_flags (id bigint generated by default as identity, updated_at timestamp(6) not null, description TEXT, name varchar(255) not null unique, updated_by varchar(255), value TEXT, primary key (id))\" via JDBC [Syntax error in SQL statement \"create table feature_flags (id bigint generated by default as identity, updated_at timestamp(6) not null, description TEXT, name varchar(255) not null unique, updated_by varchar(255), [*]value TEXT, primary key (id))\"; expected \"identifier\";]\n\tat org.hibernate.tool.schema.internal.exec.GenerationTargetToDatabase.accept(GenerationTargetToDatabase.java:94)\n\tat org.hibernate.tool.schema.internal.Helper.applySqlString(Helper.java:233)\n\tat org.hibernate.tool.schema.internal.Helper.applySqlStrings(Helper.java:217)\n\tat org.hibernate.tool.schema.internal.SchemaCreatorImpl.createTables(SchemaCreatorImpl.java:428)\n\tat org.hibernate.tool.schema.internal.SchemaCreatorImpl.createSequencesTablesConstraints(SchemaCreatorImpl.java:344)\n\tat org.hibernate.tool.schema.internal.SchemaCreatorImpl.createFromMetadata(SchemaCreatorImpl.java:239)\n\tat org.hibernate.tool.schema.internal.SchemaCreatorImpl.performCreation(SchemaCreatorImpl.java:172)\n\tat org.hibernate.tool.schema.internal.SchemaCreatorImpl.doCreation(SchemaCreatorImpl.java:142)\n\tat org.hibernate.tool.schema.internal.SchemaCreatorImpl.doCreation(SchemaCreatorImpl.java:118)\n\tat org.hibernate.tool.schema.spi.SchemaManagementToolCoordinator.performDatabaseAction(SchemaManagementToolCoordinator.java:250)\n\tat org.hibernate.tool.schema.spi.SchemaManagementToolCoordinator.lambda$process$5(SchemaManagementToolCoordinator.java:144)\n\tat java.base/java.util.HashMap.forEach(HashMap.java:1429)\n\tat org.hibernate.tool.schema.spi.SchemaManagementToolCoordinator.process(SchemaManagementToolCoordinator.java:141)\n\tat org.hibernate.boot.internal.SessionFactoryObserverForSchemaExport.sessionFactoryCreated(SessionFactoryObserverForSchemaExport.java:37)\n\tat org.hibernate.internal.SessionFactoryObserverChain.sessionFactoryCreated(SessionFactoryObserverChain.java:35)\n\tat org.hibernate.internal.SessionFactoryImpl.<init>(SessionFactoryImpl.java:322)\n\tat org.hibernate.boot.internal.SessionFactoryBuilderImpl.build(SessionFactoryBuilderImpl.java:457)\n\tat org.hibernate.jpa.boot.internal.EntityManagerFactoryBuilderImpl.build(EntityManagerFactoryBuilderImpl.java:1506)\n\tat org.springframework.orm.jpa.vendor.SpringHibernateJpaPersistenceProvider.createContainerEntityManagerFactory(SpringHibernateJpaPersistenceProvider.java:75)\n\tat org.springframework.orm.jpa.LocalContainerEntityManagerFactoryBean.createNativeEntityManagerFactory(LocalContainerEntityManagerFactoryBean.java:390)\n\tat org.springframework.orm.jpa.AbstractEntityManagerFactoryBean.buildNativeEntityManagerFactory(AbstractEntityManagerFactoryBean.java:409)\n\tat org.springframework.orm.jpa.AbstractEntityManagerFactoryBean.afterPropertiesSet(AbstractEntityManagerFactoryBean.java:396)\n\tat org.springframework.orm.jpa.LocalContainerEntityManagerFactoryBean.afterPropertiesSet(LocalContainerEntityManagerFactoryBean.java:366)\n\tat org.springframework.beans.factory.support.AbstractAutowireCapableBeanFactory.invokeInitMethods(AbstractAutowireCapableBeanFactory.java:1853)\n\tat org.springframework.beans.factory.support.AbstractAutowireCapableBeanFactory.initializeBean(AbstractAutowireCapableBeanFactory.java:1802)\n\tat org.springframework.beans.factory.support.AbstractAutowireCapableBeanFactory.doCreateBean(AbstractAutowireCapableBeanFactory.java:600)\n\tat org.springframework.beans.factory.support.AbstractAutowireCapableBeanFactory.createBean(AbstractAutowireCapableBeanFactory.java:522)\n\tat org.springframework.beans.factory.support.AbstractBeanFactory.lambda$doGetBean$0(AbstractBeanFactory.java:337)\n\tat org.springframework.beans.factory.support.DefaultSingletonBeanRegistry.getSingleton(DefaultSingletonBeanRegistry.java:234)\n\tat org.springframework.beans.factory.support.AbstractBeanFactory.doGetBean(AbstractBeanFactory.java:335)\n\tat org.springframework.beans.factory.support.AbstractBeanFactory.getBean(AbstractBeanFactory.java:205)\n\tat org.springframework.context.support.AbstractApplicationContext.finishBeanFactoryInitialization(AbstractApplicationContext.java:954)\n\tat org.springframework.context.support.AbstractApplicationContext.refresh(AbstractApplicationContext.java:625)\n\tat org.springframework.boot.web.servlet.context.ServletWebServerApplicationContext.refresh(ServletWebServerApplicationContext.java:146)\n\tat org.springframework.boot.SpringApplication.refresh(SpringApplication.java:754)\n\tat org.springframework.boot.SpringApplication.refreshContext(SpringApplication.java:456)\n\tat org.springframework.boot.SpringApplication.run(SpringApplication.java:335)\n\tat org.springframework.boot.test.context.SpringBootContextLoader.lambda$loadContext$3(SpringBootContextLoader.java:137)\n\tat org.springframework.util.function.ThrowingSupplier.get(ThrowingSupplier.java:58)\n\tat org.springframework.util.function.ThrowingSupplier.get(ThrowingSupplier.java:46)\n\tat org.springframework.boot.SpringApplication.withHook(SpringApplication.java:1463)\n\tat org.springframework.boot.test.context.SpringBootContextLoader$ContextLoaderHook.run(SpringBootContextLoader.java:553)\n\tat org.springframework.boot.test.context.SpringBootContextLoader.loadContext(SpringBootContextLoader.java:137)\n\tat org.springframework.boot.test.context.SpringBootContextLoader.loadContext(SpringBootContextLoader.java:108)\n\tat org.springframework.test.context.cache.DefaultCacheAwareContextLoaderDelegate.loadContextInternal(DefaultCacheAwareContextLoaderDelegate.java:225)\n\tat org.springframework.test.context.cache.DefaultCacheAwareContextLoaderDelegate.loadContext(DefaultCacheAwareContextLoaderDelegate.java:152)\n\tat org.springframework.test.context.support.DefaultTestContext.getApplicationContext(DefaultTestContext.java:130)\n\tat org.springframework.boot.test.mock.mockito.MockitoTestExecutionListener.postProcessFields(MockitoTestExecutionListener.java:122)\n\tat org.springframework.boot.test.mock.mockito.MockitoTestExecutionListener.injectFields(MockitoTestExecutionListener.java:106)\n\tat org.springframework.boot.test.mock.mockito.MockitoTestExecutionListener.prepareTestInstance(MockitoTestExecutionListener.java:63)\n\tat org.springframework.test.context.TestContextManager.prepareTestInstance(TestContextManager.java:260)\n\tat org.springframework.test.context.junit.jupiter.SpringExtension.postProcessTestInstance(SpringExtension.java:163)\n\tat org.junit.jupiter.engine.descriptor.ClassBasedTestDescriptor.lambda$invokeTestInstancePostProcessors$10(ClassBasedTestDescriptor.java:378)\n\tat org.junit.jupiter.engine.descriptor.ClassBasedTestDescriptor.executeAndMaskThrowable(ClassBasedTestDescriptor.java:383)\n\tat org.junit.jupiter.engine.descriptor.ClassBasedTestDescriptor.lambda$invokeTestInstancePostProcessors$11(ClassBasedTestDescriptor.java:378)\n\tat java.base/java.util.stream.ReferencePipeline$3$1.accept(ReferencePipeline.java:197)\n\tat java.base/java.util.stream.ReferencePipeline$2$1.accept(ReferencePipeline.java:179)\n\tat java.base/java.util.ArrayList$ArrayListSpliterator.forEachRemaining(ArrayList.java:1708)\n\tat java.base/java.util.stream.AbstractPipeline.copyInto(AbstractPipeline.java:509)\n\tat java.base/java.util.stream.AbstractPipeline.wrapAndCopyInto(AbstractPipeline.java:499)\n\tat java.base/java.util.stream.StreamSpliterators$WrappingSpliterator.forEachRemaining(StreamSpliterators.java:310)\n\tat java.base/java.util.stream.Streams$ConcatSpliterator.forEachRemaining(Streams.java:735)\n\tat java.base/java.util.stream.Streams$ConcatSpliterator.forEachRemaining(Streams.java:734)\n\tat java.base/java.util.stream.ReferencePipeline$Head.forEach(ReferencePipeline.java:762)\n\tat org.junit.jupiter.engine.descriptor.ClassBasedTestDescriptor.invokeTestInstancePostProcessors(ClassBasedTestDescriptor.java:377)\n\tat org.junit.jupiter.engine.descriptor.ClassBasedTestDescriptor.lambda$instantiateAndPostProcessTestInstance$6(ClassBasedTestDescriptor.java:290)\n\tat org.junit.platform.engine.support.hierarchical.ThrowableCollector.execute(ThrowableCollector.java:73)\n\tat org.junit.jupiter.engine.descriptor.ClassBasedTestDescriptor.instantiateAndPostProcessTestInstance(ClassBasedTestDescriptor.java:289)\n\tat org.junit.jupiter.engine.descriptor.ClassBasedTestDescriptor.lambda$testInstancesProvider$4(ClassBasedTestDescriptor.java:279)\n\tat java.base/java.util.Optional.orElseGet(Optional.java:364)\n\tat org.junit.jupiter.engine.descriptor.ClassBasedTestDescriptor.lambda$testInstancesProvider$5(ClassBasedTestDescriptor.java:278)\n\tat org.junit.jupiter.engine.execution.TestInstancesProvider.getTestInstances(TestInstancesProvider.java:31)\n\tat org.junit.jupiter.engine.descriptor.TestMethodTestDescriptor.lambda$prepare$0(TestMethodTestDescriptor.java:106)\n\tat org.junit.platform.engine.support.hierarchical.ThrowableCollector.execute(ThrowableCollector.java:73)\n\tat org.junit.jupiter.engine.descriptor.TestMethodTestDescriptor.prepare(TestMethodTestDescriptor.java:105)\n\tat org.junit.jupiter.engine.descriptor.TestMethodTestDescriptor.prepare(TestMethodTestDescriptor.java:69)\n\tat org.junit.platform.engine.support.hierarchical.NodeTestTask.lambda$prepare$2(NodeTestTask.java:128)\n\tat org.junit.platform.engine.support.hierarchical.ThrowableCollector.execute(ThrowableCollector.java:73)\n\tat org.junit.platform.engine.support.hierarchical.NodeTestTask.prepare(NodeTestTask.java:128)\n\tat org.junit.platform.engine.support.hierarchical.NodeTestTask.execute(NodeTestTask.java:95)\n\tat java.base/java.util.ArrayList.forEach(ArrayList.java:1596)\n\tat org.junit.platform.engine.support.hierarchical.SameThreadHierarchicalTestExecutorService.invokeAll(SameThreadHierarchicalTestExecutorService.java:41)\n\tat org.junit.platform.engine.support.hierarchical.NodeTestTask.lambda$executeRecursively$6(NodeTestTask.java:160)\n\tat org.junit.platform.engine.support.hierarchical.ThrowableCollector.execute(ThrowableCollector.java:73)\n\tat org.junit.platform.engine.support.hierarchical.NodeTestTask.lambda$executeRecursively$8(NodeTestTask.java:146)\n\tat org.junit.platform.engine.support.hierarchical.Node.around(Node.java:137)\n\tat org.junit.platform.engine.support.hierarchical.NodeTestTask.lambda$executeRecursively$9(NodeTestTask.java:144)\n\tat org.junit.platform.engine.support.hierarchical.ThrowableCollector.execute(ThrowableCollector.java:73)\n\tat org.junit.platform.engine.support.hierarchical.NodeTestTask.executeRecursively(NodeTestTask.java:143)\n\tat org.junit.platform.engine.support.hierarchical.NodeTestTask.execute(NodeTestTask.java:100)\n\tat java.base/java.util.ArrayList.forEach(ArrayList.java:1596)\n\tat org.junit.platform.engine.support.hierarchical.SameThreadHierarchicalTestExecutorService.invokeAll(SameThreadHierarchicalTestExecutorService.java:41)\n\tat org.junit.platform.engine.support.hierarchical.NodeTestTask.lambda$executeRecursively$6(NodeTestTask.java:160)\n\tat org.junit.platform.engine.support.hierarchical.ThrowableCollector.execute(ThrowableCollector.java:73)\n\tat org.junit.platform.engine.support.hierarchical.NodeTestTask.lambda$executeRecursively$8(NodeTestTask.java:146)\n\tat org.junit.platform.engine.support.hierarchical.Node.around(Node.java:137)\n\tat org.junit.platform.engine.support.hierarchical.NodeTestTask.lambda$executeRecursively$9(NodeTestTask.java:144)\n\tat org.junit.platform.engine.support.hierarchical.ThrowableCollector.execute(ThrowableCollector.java:73)\n\tat org.junit.platform.engine.support.hierarchical.NodeTestTask.executeRecursively(NodeTestTask.java:143)\n\tat org.junit.platform.engine.support.hierarchical.NodeTestTask.execute(NodeTestTask.java:100)\n\tat org.junit.platform.engine.support.hierarchical.SameThreadHierarchicalTestExecutorService.submit(SameThreadHierarchicalTestExecutorService.java:35)\n\tat org.junit.platform.engine.support.hierarchical.HierarchicalTestExecutor.execute(HierarchicalTestExecutor.java:57)\n\tat org.junit.platform.engine.support.hierarchical.HierarchicalTestEngine.execute(HierarchicalTestEngine.java:54)\n\tat org.junit.platform.launcher.core.EngineExecutionOrchestrator.execute(EngineExecutionOrchestrator.java:107)\n\tat org.junit.platform.launcher.core.EngineExecutionOrchestrator.execute(EngineExecutionOrchestrator.java:88)\n\tat org.junit.platform.launcher.core.EngineExecutionOrchestrator.lambda$execute$0(EngineExecutionOrchestrator.java:54)\n\tat org.junit.platform.launcher.core.EngineExecutionOrchestrator.withInterceptedStreams(EngineExecutionOrchestrator.java:67)\n\tat org.junit.platform.launcher.core.EngineExecutionOrchestrator.execute(EngineExecutionOrchestrator.java:52)\n\tat org.junit.platform.launcher.core.DefaultLauncher.execute(DefaultLauncher.java:114)\n\tat org.junit.platform.launcher.core.DefaultLauncher.execute(DefaultLauncher.java:86)\n\tat org.junit.platform.launcher.core.DefaultLauncherSession$DelegatingLauncher.execute(DefaultLauncherSession.java:86)\n\tat org.gradle.api.internal.tasks.testing.junitplatform.JUnitPlatformTestClassProcessor$CollectAllTestClassesExecutor.processAllTestClasses(JUnitPlatformTestClassProcessor.java:119)\n\tat org.gradle.api.internal.tasks.testing.junitplatform.JUnitPlatformTestClassProcessor$CollectAllTestClassesExecutor.access$000(JUnitPlatformTestClassProcessor.java:94)\n\tat org.gradle.api.internal.tasks.testing.junitplatform.JUnitPlatformTestClassProcessor.stop(JUnitPlatformTestClassProcessor.java:89)\n\tat org.gradle.api.internal.tasks.testing.SuiteTestClassProcessor.stop(SuiteTestClassProcessor.java:62)\n\tat java.base/jdk.internal.reflect.DirectMethodHandleAccessor.invoke(DirectMethodHandleAccessor.java:103)\n\tat java.base/java.lang.reflect.Method.invoke(Method.java:580)\n\tat org.gradle.internal.dispatch.ReflectionDispatch.dispatch(ReflectionDispatch.java:36)\n\tat org.gradle.internal.dispatch.ReflectionDispatch.dispatch(ReflectionDispatch.java:24)\n\tat org.gradle.internal.dispatch.ContextClassLoaderDispatch.dispatch(ContextClassLoaderDispatch.java:33)\n\tat org.gradle.internal.dispatch.ProxyDispatchAdapter$DispatchingInvocationHandler.invoke(ProxyDispatchAdapter.java:94)\n\tat jdk.proxy1/jdk.proxy1.$Proxy2.stop(Unknown Source)\n\tat org.gradle.api.internal.tasks.testing.worker.TestWorker$3.run(TestWorker.java:193)\n\tat org.gradle.api.internal.tasks.testing.worker.TestWorker.executeAndMaintainThreadName(TestWorker.java:129)\n\tat org.gradle.api.internal.tasks.testing.worker.TestWorker.execute(TestWorker.java:100)\n\tat org.gradle.api.internal.tasks.testing.worker.TestWorker.execute(TestWorker.java:60)\n\tat org.gradle.process.internal.worker.child.ActionExecutionWorker.execute(ActionExecutionWorker.java:56)\n\tat org.gradle.process.internal.worker.child.SystemApplicationClassLoaderWorker.call(SystemApplicationClassLoaderWorker.java:119)\n\tat org.gradle.process.internal.worker.child.SystemApplicationClassLoaderWorker.call(SystemApplicationClassLoaderWorker.java:66)\n\tat worker.org.gradle.process.internal.worker.GradleWorkerMain.run(GradleWorkerMain.java:69)\n\tat worker.org.gradle.process.internal.worker.GradleWorkerMain.main(GradleWorkerMain.java:74)\nCaused by: org.h2.jdbc.JdbcSQLSyntaxErrorException: Syntax error in SQL statement \"create table feature_flags (id bigint generated by default as identity, updated_at timestamp(6) not null, description TEXT, name varchar(255) not null unique, updated_by varchar(255), [*]value TEXT, primary key (id))\"; expected \"identifier\"; SQL statement:\ncreate table feature_flags (id bigint generated by default as identity, updated_at timestamp(6) not null, description TEXT, name varchar(255) not null unique, updated_by varchar(255), value TEXT, primary key (id)) [42001-224]\n\tat org.h2.message.DbException.getJdbcSQLException(DbException.java:514)\n\tat org.h2.message.DbException.getJdbcSQLException(DbException.java:489)\n\tat org.h2.message.DbException.getSyntaxError(DbException.java:261)\n\tat org.h2.command.Parser.readIdentifier(Parser.java:5533)\n\tat org.h2.command.Parser.parseTableColumnDefinition(Parser.java:8994)\n\tat org.h2.command.Parser.parseCreateTable(Parser.java:8939)\n\tat org.h2.command.Parser.parseCreate(Parser.java:6404)\n\tat org.h2.command.Parser.parsePrepared(Parser.java:666)\n\tat org.h2.command.Parser.parse(Parser.java:592)\n\tat org.h2.command.Parser.parse(Parser.java:564)\n\tat org.h2.command.Parser.prepareCommand(Parser.java:483)\n\tat org.h2.engine.SessionLocal.prepareLocal(SessionLocal.java:639)\n\tat org.h2.engine.SessionLocal.prepareCommand(SessionLocal.java:559)\n\tat org.h2.jdbc.JdbcConnection.prepareCommand(JdbcConnection.java:1166)\n\tat org.h2.jdbc.JdbcStatement.executeInternal(JdbcStatement.java:245)\n\tat org.h2.jdbc.JdbcStatement.execute(JdbcStatement.java:231)\n\tat com.zaxxer.hikari.pool.ProxyStatement.execute(ProxyStatement.java:94)\n\tat com.zaxxer.hikari.pool.HikariProxyStatement.execute(HikariProxyStatement.java)\n\tat org.hibernate.tool.schema.internal.exec.GenerationTargetToDatabase.accept(GenerationTargetToDatabase.java:80)\n\t... 130 common frames omitted\n"}
{"@timestamp":"2026-07-16T13:29:23.998959943Z","@version":"1","message":"Initialized JPA EntityManagerFactory for persistence unit 'default'","logger_name":"org.springframework.orm.jpa.LocalContainerEntityManagerFactoryBean","thread_name":"Test worker","level":"INFO","level_value":20000}
{"@timestamp":"2026-07-16T13:29:24.383270363Z","@version":"1","message":"spring.jpa.open-in-view is enabled by default. Therefore, database queries may be performed during view rendering. Explicitly configure spring.jpa.open-in-view to disable this warning","logger_name":"org.springframework.boot.autoconfigure.orm.jpa.JpaBaseConfiguration$JpaWebConfiguration","thread_name":"Test worker","level":"WARN","level_value":30000}
{"@timestamp":"2026-07-16T13:29:24.935165726Z","@version":"1","message":"Exposing 4 endpoints beneath base path '/actuator'","logger_name":"org.springframework.boot.actuate.endpoint.web.EndpointLinksResolver","thread_name":"Test worker","level":"INFO","level_value":20000}
{"@timestamp":"2026-07-16T13:29:25.922852395Z","@version":"1","message":"Starting ProtocolHandler [\"http-nio-auto-1\"]","logger_name":"org.apache.coyote.http11.Http11NioProtocol","thread_name":"Test worker","level":"INFO","level_value":20000}
{"@timestamp":"2026-07-16T13:29:25.932203743Z","@version":"1","message":"Tomcat started on port 39321 (http) with context path '/'","logger_name":"org.springframework.boot.web.embedded.tomcat.TomcatWebServer","thread_name":"Test worker","level":"INFO","level_value":20000}
{"@timestamp":"2026-07-16T13:29:25.957272134Z","@version":"1","message":"Started ConfigServerIntegrationTest in 6.838 seconds (process running for 7.765)","logger_name":"com.slotcentral.config.ConfigServerIntegrationTest","thread_name":"Test worker","level":"INFO","level_value":20000}
{"@timestamp":"2026-07-16T13:29:26.170497004Z","@version":"1","message":"Initializing Spring DispatcherServlet 'dispatcherServlet'","logger_name":"org.apache.catalina.core.ContainerBase.[Tomcat].[localhost].[/]","thread_name":"http-nio-auto-1-exec-1","level":"INFO","level_value":20000}
{"@timestamp":"2026-07-16T13:29:26.170863016Z","@version":"1","message":"Initializing Servlet 'dispatcherServlet'","logger_name":"org.springframework.web.servlet.DispatcherServlet","thread_name":"http-nio-auto-1-exec-1","level":"INFO","level_value":20000}
{"@timestamp":"2026-07-16T13:29:26.172371247Z","@version":"1","message":"Completed initialization in 1 ms","logger_name":"org.springframework.web.servlet.DispatcherServlet","thread_name":"http-nio-auto-1-exec-1","level":"INFO","level_value":20000}
{"@timestamp":"2026-07-16T13:29:26.244129887Z","@version":"1","message":"Adding property source: Config resource 'class path resource [config-repo/jackpot-service.yml]' via location 'classpath:/config-repo/'","logger_name":"org.springframework.cloud.config.server.environment.NativeEnvironmentRepository","thread_name":"http-nio-auto-1-exec-1","level":"INFO","level_value":20000}
{"@timestamp":"2026-07-16T13:29:26.244497508Z","@version":"1","message":"Adding property source: Config resource 'class path resource [config-repo/application.yml]' via location 'classpath:/config-repo/'","logger_name":"org.springframework.cloud.config.server.environment.NativeEnvironmentRepository","thread_name":"http-nio-auto-1-exec-1","level":"INFO","level_value":20000}
{"@timestamp":"2026-07-16T13:29:26.380520183Z","@version":"1","message":"Adding property source: Config resource 'class path resource [config-repo/game-engine-service.yml]' via location 'classpath:/config-repo/'","logger_name":"org.springframework.cloud.config.server.environment.NativeEnvironmentRepository","thread_name":"http-nio-auto-1-exec-2","level":"INFO","level_value":20000}
{"@timestamp":"2026-07-16T13:29:26.381484151Z","@version":"1","message":"Adding property source: Config resource 'class path resource [config-repo/application.yml]' via location 'classpath:/config-repo/'","logger_name":"org.springframework.cloud.config.server.environment.NativeEnvironmentRepository","thread_name":"http-nio-auto-1-exec-2","level":"INFO","level_value":20000}
]]></system-out>
  <system-err><![CDATA[WARNING: A Java agent has been loaded dynamically (/home/runner/.gradle/caches/modules-2/files-2.1/net.bytebuddy/byte-buddy-agent/1.14.19/154da3a65b4f4a909d3e5bdec55d1b2b4cbb6ce1/byte-buddy-agent-1.14.19.jar)
WARNING: If a serviceability tool is in use, please run with -XX:+EnableDynamicAgentLoading to hide this warning
WARNING: If a serviceability tool is not in use, please run with -Djdk.instrument.traceUsage for more information
WARNING: Dynamic loading of agents will be disallowed by default in a future release
]]></system-err>
</testsuite>
